\BOOKMARK [0][-]{dummy.1}{\376\377\000A\000b\000s\000t\000r\000a\000c\000t}{}% 1
\BOOKMARK [0][-]{dummy.2}{\376\377\000C\000o\000n\000t\000e\000n\000t\000s}{}% 2
\BOOKMARK [0][-]{chapter.4}{\376\377\0001\000\040\000I\000n\000t\000r\000o\000d\000u\000c\000t\000i\000o\000n}{}% 3
\BOOKMARK [0][-]{chapter.5}{\376\377\0002\000\040\000N\000o\000r\000m\000a\000l\000i\000z\000e\000d\000\040\000c\000o\000m\000p\000r\000e\000s\000s\000i\000o\000n\000\040\000d\000i\000s\000t\000a\000n\000c\000e}{}% 4
\BOOKMARK [1][-]{section.6}{\376\377\0002\000.\0001\000\040\000F\000o\000u\000n\000d\000a\000t\000i\000o\000n\000s\000\040\000i\000n\000\040\000K\000o\000l\000m\000o\000g\000o\000r\000o\000v\000\040\000c\000o\000m\000p\000l\000e\000x\000i\000t\000y}{chapter.5}% 5
\BOOKMARK [2][-]{subsection.7}{\376\377\0002\000.\0001\000.\0001\000\040\000T\000h\000e\000\040\000K\000o\000l\000m\000o\000g\000o\000r\000o\000v\000\040\000c\000o\000m\000p\000l\000e\000x\000i\000t\000y\000\040\000i\000s\000\040\000n\000o\000t\000\040\000c\000o\000m\000p\000u\000t\000a\000b\000l\000e}{section.6}% 6
\BOOKMARK [2][-]{subsection.16}{\376\377\0002\000.\0001\000.\0002\000\040\000I\000n\000f\000o\000r\000m\000a\000t\000i\000o\000n\000\040\000d\000i\000s\000t\000a\000n\000c\000e}{section.6}% 7
\BOOKMARK [1][-]{section.18}{\376\377\0002\000.\0002\000\040\000A\000p\000p\000r\000o\000x\000i\000m\000a\000t\000i\000n\000g\000\040\000K\000o\000l\000m\000o\000g\000o\000r\000o\000v\000\040\000c\000o\000m\000p\000l\000e\000x\000i\000t\000y\000\040\000w\000i\000t\000h\000\040\000a\000\040\000r\000e\000a\000l\000-\000w\000o\000r\000l\000d\000\040\000c\000o\000m\000p\000r\000e\000s\000s\000o\000r}{chapter.5}% 8
\BOOKMARK [2][-]{subsection.24}{\376\377\0002\000.\0002\000.\0001\000\040\000A\000\040\000c\000o\000m\000p\000r\000e\000s\000s\000o\000r\000\040\000d\000o\000e\000s\000\040\000n\000o\000t\000\040\000e\000x\000p\000l\000o\000i\000t\000\040\000a\000l\000l\000\040\000r\000e\000g\000u\000l\000a\000r\000i\000t\000y}{section.18}% 9
\BOOKMARK [0][-]{chapter.26}{\376\377\0003\000\040\000H\000i\000e\000r\000a\000r\000c\000h\000i\000c\000a\000l\000\040\000c\000l\000u\000s\000t\000e\000r\000i\000n\000g\000\040\000o\000f\000\040\000d\000a\000t\000a}{}% 10
\BOOKMARK [1][-]{section.27}{\376\377\0003\000.\0001\000\040\000I\000n\000t\000r\000o\000d\000u\000c\000t\000i\000o\000n}{chapter.26}% 11
\BOOKMARK [1][-]{section.28}{\376\377\0003\000.\0002\000\040\000E\000v\000o\000l\000u\000t\000i\000o\000n\000\040\000o\000f\000\040\000p\000l\000a\000c\000e\000n\000t\000a\000l\000\040\000m\000a\000m\000m\000a\000l\000s}{chapter.26}% 12
\BOOKMARK [2][-]{subsection.29}{\376\377\0003\000.\0002\000.\0001\000\040\000D\000i\000s\000t\000a\000n\000c\000e\000\040\000m\000a\000t\000r\000i\000x}{section.28}% 13
\BOOKMARK [3][-]{subsubsection.40}{\376\377\0003\000.\0002\000.\0001\000.\0001\000\040\000C\000o\000m\000p\000r\000e\000s\000s\000i\000o\000n\000\040\000p\000a\000r\000a\000m\000e\000t\000e\000r\000s}{subsection.29}% 14
\BOOKMARK [2][-]{subsection.41}{\376\377\0003\000.\0002\000.\0002\000\040\000C\000o\000m\000p\000a\000r\000i\000s\000o\000n\000\040\000o\000f\000\040\000c\000l\000u\000s\000t\000e\000r\000i\000n\000g\000\040\000m\000e\000t\000h\000o\000d\000s}{section.28}% 15
\BOOKMARK [3][-]{subsubsection.42}{\376\377\0003\000.\0002\000.\0002\000.\0001\000\040\000Q\000u\000a\000r\000t\000e\000t\000\040\000t\000r\000e\000e\000\040\000m\000e\000t\000h\000o\000d}{subsection.41}% 16
\BOOKMARK [3][-]{subsubsection.43}{\376\377\0003\000.\0002\000.\0002\000.\0002\000\040\000A\000g\000g\000l\000o\000m\000e\000r\000a\000t\000i\000v\000e\000\040\000\050\000h\000i\000e\000r\000a\000r\000c\000h\000i\000c\000a\000l\000\051\000\040\000c\000l\000u\000s\000t\000e\000r\000i\000n\000g\000\040\000w\000i\000t\000h\000\040\000a\000\040\000l\000i\000n\000k\000a\000g\000e\000\040\000c\000r\000i\000t\000e\000r\000i\000o\000n}{subsection.41}% 17
\BOOKMARK [2][-]{subsection.48}{\376\377\0003\000.\0002\000.\0003\000\040\000P\000h\000y\000l\000o\000g\000e\000n\000y\000\040\000t\000r\000e\000e\000\040\000o\000f\000\040\0002\0004\000\040\000m\000a\000m\000m\000a\000l\000s}{section.28}% 18
\BOOKMARK [1][-]{section.50}{\376\377\0003\000.\0003\000\040\000R\000a\000n\000d\000o\000m\000\040\000c\000o\000r\000r\000e\000l\000a\000t\000e\000d\000\040\000d\000a\000t\000a}{chapter.26}% 19
\BOOKMARK [1][-]{section.53}{\376\377\0003\000.\0004\000\040\000L\000i\000t\000e\000r\000a\000t\000u\000r\000e}{chapter.26}% 20
\BOOKMARK [1][-]{section.55}{\376\377\0003\000.\0005\000\040\000S\000o\000u\000r\000c\000e\000\040\000f\000i\000l\000e\000s}{chapter.26}% 21
\BOOKMARK [1][-]{section.57}{\376\377\0003\000.\0006\000\040\000C\000o\000n\000c\000l\000u\000s\000i\000o\000n}{chapter.26}% 22
\BOOKMARK [0][-]{chapter.58}{\376\377\0004\000\040\000C\000l\000a\000s\000s\000i\000f\000i\000c\000a\000t\000i\000o\000n}{}% 23
\BOOKMARK [1][-]{section.59}{\376\377\0004\000.\0001\000\040\000I\000n\000t\000r\000o\000d\000u\000c\000t\000i\000o\000n}{chapter.58}% 24
\BOOKMARK [1][-]{section.60}{\376\377\0004\000.\0002\000\040\000C\000l\000a\000s\000s\000i\000f\000y\000i\000n\000g\000\040\000f\000i\000l\000e\000\040\000f\000r\000a\000g\000m\000e\000n\000t\000s}{chapter.58}% 25
\BOOKMARK [2][-]{subsection.61}{\376\377\0004\000.\0002\000.\0001\000\040\000F\000e\000a\000t\000u\000r\000e\000\040\000e\000x\000t\000r\000a\000c\000t\000i\000o\000n}{section.60}% 26
\BOOKMARK [2][-]{subsection.65}{\376\377\0004\000.\0002\000.\0002\000\040\000S\000u\000p\000p\000o\000r\000t\000\040\000v\000e\000c\000t\000o\000r\000\040\000m\000a\000c\000h\000i\000n\000e}{section.60}% 27
\BOOKMARK [2][-]{subsection.67}{\376\377\0004\000.\0002\000.\0003\000\040\000E\000x\000p\000e\000r\000i\000m\000e\000n\000t\000a\000l\000\040\000s\000e\000t\000u\000p}{section.60}% 28
\BOOKMARK [3][-]{subsubsection.68}{\376\377\0004\000.\0002\000.\0003\000.\0001\000\040\000P\000r\000e\000p\000a\000r\000i\000n\000g\000\040\000t\000h\000e\000\040\000d\000a\000t\000a\000\040\000s\000e\000t}{subsection.67}% 29
\BOOKMARK [3][-]{subsubsection.70}{\376\377\0004\000.\0002\000.\0003\000.\0002\000\040\000V\000a\000l\000i\000d\000a\000t\000i\000n\000g\000\040\000t\000h\000e\000\040\000c\000l\000a\000s\000s\000i\000f\000i\000e\000r}{subsection.67}% 30
\BOOKMARK [4][-]{section*.71}{\376\377\000R\000e\000s\000c\000a\000l\000i\000n\000g\000\040\000t\000h\000e\000\040\000f\000e\000a\000t\000u\000r\000e\000\040\000v\000e\000c\000t\000o\000r\000s}{subsubsection.70}% 31
\BOOKMARK [4][-]{section*.72}{\376\377\000P\000a\000r\000a\000m\000e\000t\000e\000r\000\040\000e\000s\000t\000i\000m\000a\000t\000i\000o\000n}{subsubsection.70}% 32
\BOOKMARK [2][-]{subsection.73}{\376\377\0004\000.\0002\000.\0004\000\040\000R\000e\000s\000u\000l\000t\000s}{section.60}% 33
\BOOKMARK [3][-]{subsubsection.74}{\376\377\0004\000.\0002\000.\0004\000.\0001\000\040\000C\000l\000a\000s\000s\000i\000f\000y\000i\000n\000g\000\040\000.\000c\000s\000v\000\040\000a\000n\000d\000\040\000.\000j\000p\000g\000\040\000f\000r\000a\000g\000m\000e\000n\000t\000s}{subsection.73}% 34
\BOOKMARK [3][-]{subsubsection.76}{\376\377\0004\000.\0002\000.\0004\000.\0002\000\040\000C\000l\000a\000s\000s\000i\000f\000y\000i\000n\000g\000\040\000.\000g\000z\000\040\000a\000n\000d\000\040\000.\000j\000p\000g\000\040\000f\000r\000a\000g\000m\000e\000n\000t\000s}{subsection.73}% 35
\BOOKMARK [3][-]{subsubsection.78}{\376\377\0004\000.\0002\000.\0004\000.\0003\000\040\000C\000l\000a\000s\000s\000i\000f\000y\000i\000n\000g\000\040\000.\000c\000s\000v\000,\000\040\000.\000h\000t\000m\000l\000,\000\040\000.\000j\000p\000g\000\040\000a\000n\000d\000\040\000.\000l\000o\000g}{subsection.73}% 36
\BOOKMARK [1][-]{section.81}{\376\377\0004\000.\0003\000\040\000C\000l\000a\000s\000s\000i\000f\000y\000i\000n\000g\000\040\000w\000r\000i\000t\000t\000e\000n\000\040\000t\000e\000x\000t\000\040\000b\000y\000\040\000a\000u\000t\000h\000o\000r\000\040\000g\000e\000n\000d\000e\000r}{chapter.58}% 37
\BOOKMARK [2][-]{subsection.82}{\376\377\0004\000.\0003\000.\0001\000\040\000L\000i\000t\000e\000r\000a\000t\000u\000r\000e\000\040\000o\000v\000e\000r\000v\000i\000e\000w}{section.81}% 38
\BOOKMARK [2][-]{subsection.83}{\376\377\0004\000.\0003\000.\0002\000\040\000C\000l\000a\000s\000s\000i\000f\000y\000i\000n\000g\000\040\000b\000l\000o\000g\000s\000\040\000b\000y\000\040\000a\000u\000t\000h\000o\000r\000\040\000g\000e\000n\000d\000e\000r\000\040\000u\000s\000i\000n\000g\000\040\000t\000h\000e\000\040\000n\000o\000r\000m\000a\000l\000i\000z\000e\000d\000\040\000c\000o\000m\000p\000r\000e\000s\000s\000i\000o\000n\000\040\000d\000i\000s\000t\000a\000n\000c\000e}{section.81}% 39
\BOOKMARK [3][-]{subsubsection.84}{\376\377\0004\000.\0003\000.\0002\000.\0001\000\040\000C\000l\000e\000a\000n\000i\000n\000g\000\040\000t\000h\000e\000\040\000c\000o\000r\000p\000u\000s}{subsection.83}% 40
\BOOKMARK [3][-]{subsubsection.85}{\376\377\0004\000.\0003\000.\0002\000.\0002\000\040\000R\000e\000s\000u\000l\000t\000s}{subsection.83}% 41
\BOOKMARK [1][-]{section.87}{\376\377\0004\000.\0004\000\040\000C\000o\000n\000c\000l\000u\000s\000i\000o\000n}{chapter.58}% 42
\BOOKMARK [0][-]{chapter.88}{\376\377\0005\000\040\000C\000o\000n\000c\000l\000u\000s\000i\000o\000n}{}% 43
\BOOKMARK [0][-]{dummy.89}{\376\377\000B\000i\000b\000l\000i\000o\000g\000r\000a\000p\000h\000y}{}% 44
